<?xml version="1.0" encoding="UTF-8"?>
<coverage generated="1789847373282" clover="3.2.0">
  <project timestamp="1789847373282" name="All files">
    <metrics statements="165" coveredstatements="140" conditionals="88" coveredconditionals="70" methods="44" coveredmethods="39" elements="297" coveredelements="249" complexity="0" loc="165" ncloc="165" packages="3" files="10" classes="10"/>
    <package name="src">
      <metrics statements="126" coveredstatements="105" conditionals="69" coveredconditionals="56" methods="31" coveredmethods="27"/>
      <file name="App.css" path="C:\Users\katel\git\CartCompare\frontend\src\App.css">
        <metrics statements="0" coveredstatements="0" conditionals="0" coveredconditionals="0" methods="0" coveredmethods="0"/>
      </file>
      <file name="App.jsx" path="C:\Users\katel\git\CartCompare\frontend\src\App.jsx">
        <metrics statements="126" coveredstatements="105" conditionals="69" coveredconditionals="56" methods="31" coveredmethods="27"/>
        <line num="43" count="106" type="stmt"/>
        <line num="46" count="106" type="stmt"/>
        <line num="49" count="106" type="stmt"/>
        <line num="52" count="106" type="stmt"/>
        <line num="57" count="106" type="stmt"/>
        <line num="64" count="106" type="stmt"/>
        <line num="67" count="106" type="stmt"/>
        <line num="70" count="106" type="stmt"/>
        <line num="73" count="106" type="stmt"/>
        <line num="76" count="106" type="stmt"/>
        <line num="79" count="106" type="stmt"/>
        <line num="86" count="106" type="stmt"/>
        <line num="95" count="106" type="stmt"/>
        <line num="100" count="106" type="stmt"/>
        <line num="107" count="106" type="stmt"/>
        <line num="110" count="106" type="stmt"/>
        <line num="113" count="106" type="stmt"/>
        <line num="119" count="106" type="stmt"/>
        <line num="121" count="9" type="stmt"/>
        <line num="125" count="9" type="stmt"/>
        <line num="130" count="9" type="stmt"/>
        <line num="131" count="9" type="stmt"/>
        <line num="133" count="0" type="stmt"/>
        <line num="137" count="9" type="stmt"/>
        <line num="144" count="106" type="stmt"/>
        <line num="145" count="11" type="cond" truecount="2" falsecount="0"/>
        <line num="146" count="3" type="stmt"/>
        <line num="149" count="8" type="stmt"/>
        <line num="156" count="106" type="stmt"/>
        <line num="157" count="12" type="cond" truecount="2" falsecount="0"/>
        <line num="158" count="9" type="stmt"/>
        <line num="162" count="3" type="stmt"/>
        <line num="164" count="3" type="stmt"/>
        <line num="168" count="3" type="stmt"/>
        <line num="170" count="0" type="stmt"/>
        <line num="174" count="3" type="stmt"/>
        <line num="182" count="10" type="stmt"/>
        <line num="184" count="10" type="stmt"/>
        <line num="186" count="10" type="stmt"/>
        <line num="188" count="0" type="stmt"/>
        <line num="199" count="2" type="stmt"/>
        <line num="201" count="2" type="stmt"/>
        <line num="202" count="2" type="stmt"/>
        <line num="204" count="2" type="stmt"/>
        <line num="205" count="2" type="cond" truecount="1" falsecount="1"/>
        <line num="206" count="0" type="stmt"/>
        <line num="213" count="0" type="stmt"/>
        <line num="217" count="0" type="stmt"/>
        <line num="218" count="0" type="stmt"/>
        <line num="220" count="0" type="stmt"/>
        <line num="223" count="2" type="stmt"/>
        <line num="228" count="1" type="stmt"/>
        <line num="230" count="1" type="stmt"/>
        <line num="234" count="1" type="stmt"/>
        <line num="236" count="1" type="stmt"/>
        <line num="241" count="1" type="stmt"/>
        <line num="243" count="1" type="stmt"/>
        <line num="244" count="1" type="stmt"/>
        <line num="245" count="1" type="stmt"/>
        <line num="246" count="1" type="stmt"/>
        <line num="248" count="1" type="stmt"/>
        <line num="252" count="1" type="stmt"/>
        <line num="257" count="3" type="stmt"/>
        <line num="259" count="3" type="stmt"/>
        <line num="263" count="3" type="stmt"/>
        <line num="264" count="3" type="stmt"/>
        <line num="265" count="3" type="stmt"/>
        <line num="266" count="3" type="stmt"/>
        <line num="277" count="4" type="stmt"/>
        <line num="287" count="2" type="cond" truecount="1" falsecount="1"/>
        <line num="290" count="2" type="stmt"/>
        <line num="292" count="2" type="cond" truecount="2" falsecount="0"/>
        <line num="296" count="1" type="stmt"/>
        <line num="300" count="1" type="stmt"/>
        <line num="303" count="1" type="stmt"/>
        <line num="304" count="1" type="stmt"/>
        <line num="305" count="1" type="stmt"/>
        <line num="307" count="1" type="stmt"/>
        <line num="312" count="1" type="stmt"/>
        <line num="314" count="1" type="stmt"/>
        <line num="318" count="0" type="stmt"/>
        <line num="325" count="1" type="stmt"/>
        <line num="326" count="1" type="stmt"/>
        <line num="327" count="1" type="stmt"/>
        <line num="329" count="1" type="stmt"/>
        <line num="333" count="1" type="stmt"/>
        <line num="335" count="1" type="stmt"/>
        <line num="337" count="1" type="stmt"/>
        <line num="341" count="0" type="stmt"/>
        <line num="352" count="3" type="cond" truecount="1" falsecount="1"/>
        <line num="357" count="0" type="stmt"/>
        <line num="359" count="0" type="stmt"/>
        <line num="363" count="3" type="stmt"/>
        <line num="369" count="3" type="stmt"/>
        <line num="377" count="2" type="cond" truecount="1" falsecount="1"/>
        <line num="380" count="0" type="stmt"/>
        <line num="384" count="0" type="stmt"/>
        <line num="387" count="2" type="cond" truecount="1" falsecount="1"/>
        <line num="388" count="0" type="stmt"/>
        <line num="392" count="0" type="stmt"/>
        <line num="395" count="2" type="stmt"/>
        <line num="396" count="2" type="stmt"/>
        <line num="397" count="2" type="stmt"/>
        <line num="398" count="2" type="stmt"/>
        <line num="401" count="2" type="stmt"/>
        <line num="405" count="1" type="stmt"/>
        <line num="407" count="1" type="stmt"/>
        <line num="409" count="2" type="stmt"/>
        <line num="417" count="106" type="stmt"/>
        <line num="463" count="0" type="stmt"/>
        <line num="485" count="0" type="stmt"/>
        <line num="507" count="34" type="stmt"/>
        <line num="529" count="26" type="stmt"/>
        <line num="553" count="0" type="stmt"/>
        <line num="560" count="0" type="stmt"/>
        <line num="561" count="0" type="stmt"/>
        <line num="603" count="31" type="stmt"/>
        <line num="636" count="4" type="stmt"/>
        <line num="649" count="2" type="stmt"/>
        <line num="679" count="20" type="stmt"/>
        <line num="702" count="1" type="stmt"/>
        <line num="739" count="19" type="stmt"/>
        <line num="771" count="20" type="stmt"/>
        <line num="783" count="3" type="stmt"/>
        <line num="884" count="2" type="stmt"/>
        <line num="930" count="2" type="stmt"/>
      </file>
    </package>
    <package name="src.api">
      <metrics statements="38" coveredstatements="34" conditionals="19" coveredconditionals="14" methods="13" coveredmethods="12"/>
      <file name="apiClient.js" path="C:\Users\katel\git\CartCompare\frontend\src\api\apiClient.js">
        <metrics statements="20" coveredstatements="18" conditionals="15" coveredconditionals="12" methods="1" coveredmethods="1"/>
        <line num="2" count="3" type="stmt"/>
        <line num="4" count="3" type="cond" truecount="1" falsecount="1"/>
        <line num="5" count="0" type="stmt"/>
        <line num="15" count="37" type="stmt"/>
        <line num="20" count="37" type="cond" truecount="2" falsecount="0"/>
        <line num="22" count="37" type="cond" truecount="2" falsecount="0"/>
        <line num="23" count="31" type="stmt"/>
        <line num="29" count="37" type="stmt"/>
        <line num="37" count="37" type="cond" truecount="2" falsecount="0"/>
        <line num="39" count="2" type="stmt"/>
        <line num="41" count="2" type="stmt"/>
        <line num="43" count="2" type="stmt"/>
        <line num="45" count="2" type="cond" truecount="1" falsecount="1"/>
        <line num="46" count="2" type="stmt"/>
        <line num="50" count="2" type="cond" truecount="1" falsecount="1"/>
        <line num="53" count="0" type="stmt"/>
        <line num="60" count="2" type="stmt"/>
        <line num="63" count="35" type="cond" truecount="2" falsecount="0"/>
        <line num="64" count="1" type="stmt"/>
        <line num="67" count="34" type="stmt"/>
      </file>
      <file name="auth.js" path="C:\Users\katel\git\CartCompare\frontend\src\api\auth.js">
        <metrics statements="11" coveredstatements="9" conditionals="4" coveredconditionals="2" methods="5" coveredmethods="4"/>
        <line num="3" count="3" type="stmt"/>
        <line num="6" count="2" type="stmt"/>
        <line num="18" count="1" type="cond" truecount="1" falsecount="1"/>
        <line num="21" count="2" type="cond" truecount="1" falsecount="1"/>
        <line num="22" count="0" type="stmt"/>
        <line num="27" count="1" type="stmt"/>
        <line num="32" count="1" type="stmt"/>
        <line num="41" count="0" type="stmt"/>
        <line num="56" count="1" type="stmt"/>
        <line num="62" count="106" type="stmt"/>
        <line num="68" count="106" type="stmt"/>
      </file>
      <file name="comparisons.js" path="C:\Users\katel\git\CartCompare\frontend\src\api\comparisons.js">
        <metrics statements="1" coveredstatements="1" conditionals="0" coveredconditionals="0" methods="1" coveredmethods="1"/>
        <line num="6" count="2" type="stmt"/>
      </file>
      <file name="groceryList.js" path="C:\Users\katel\git\CartCompare\frontend\src\api\groceryList.js">
        <metrics statements="3" coveredstatements="3" conditionals="0" coveredconditionals="0" methods="3" coveredmethods="3"/>
        <line num="4" count="10" type="stmt"/>
        <line num="13" count="1" type="stmt"/>
        <line num="30" count="1" type="stmt"/>
      </file>
      <file name="items.js" path="C:\Users\katel\git\CartCompare\frontend\src\api\items.js">
        <metrics statements="1" coveredstatements="1" conditionals="0" coveredconditionals="0" methods="1" coveredmethods="1"/>
        <line num="4" count="9" type="stmt"/>
      </file>
      <file name="retailers.js" path="C:\Users\katel\git\CartCompare\frontend\src\api\retailers.js">
        <metrics statements="1" coveredstatements="1" conditionals="0" coveredconditionals="0" methods="1" coveredmethods="1"/>
        <line num="4" count="9" type="stmt"/>
      </file>
      <file name="stores.js" path="C:\Users\katel\git\CartCompare\frontend\src\api\stores.js">
        <metrics statements="1" coveredstatements="1" conditionals="0" coveredconditionals="0" methods="1" coveredmethods="1"/>
        <line num="6" count="3" type="stmt"/>
      </file>
    </package>
    <package name="src.test">
      <metrics statements="1" coveredstatements="1" conditionals="0" coveredconditionals="0" methods="0" coveredmethods="0"/>
      <file name="server.js" path="C:\Users\katel\git\CartCompare\frontend\src\test\server.js">
        <metrics statements="1" coveredstatements="1" conditionals="0" coveredconditionals="0" methods="0" coveredmethods="0"/>
        <line num="4" count="4" type="stmt"/>
      </file>
    </package>
  </project>
</coverage>
