{"C:\\Users\\katel\\git\\CartCompare\\frontend\\src\\App.css": {"path":"C:\\Users\\katel\\git\\CartCompare\\frontend\\src\\App.css","statementMap":{},"fnMap":{},"branchMap":{},"s":{},"f":{},"b":{},"meta":{"lastBranch":0,"lastFunction":0,"lastStatement":0,"seen":{},"fnNames":{}}}
,"C:\\Users\\katel\\git\\CartCompare\\frontend\\src\\App.jsx": {"path":"C:\\Users\\katel\\git\\CartCompare\\frontend\\src\\App.jsx","statementMap":{"0":{"start":{"line":43,"column":4},"end":{"line":43,"column":null}},"1":{"start":{"line":46,"column":4},"end":{"line":46,"column":null}},"2":{"start":{"line":49,"column":4},"end":{"line":49,"column":null}},"3":{"start":{"line":52,"column":4},"end":{"line":52,"column":null}},"4":{"start":{"line":57,"column":6},"end":{"line":57,"column":null}},"5":{"start":{"line":64,"column":4},"end":{"line":64,"column":null}},"6":{"start":{"line":67,"column":4},"end":{"line":67,"column":null}},"7":{"start":{"line":70,"column":4},"end":{"line":70,"column":null}},"8":{"start":{"line":73,"column":4},"end":{"line":73,"column":null}},"9":{"start":{"line":76,"column":4},"end":{"line":76,"column":null}},"10":{"start":{"line":79,"column":4},"end":{"line":79,"column":null}},"11":{"start":{"line":86,"column":4},"end":{"line":86,"column":null}},"12":{"start":{"line":95,"column":6},"end":{"line":95,"column":null}},"13":{"start":{"line":100,"column":6},"end":{"line":100,"column":null}},"14":{"start":{"line":107,"column":4},"end":{"line":107,"column":null}},"15":{"start":{"line":110,"column":4},"end":{"line":110,"column":null}},"16":{"start":{"line":113,"column":4},"end":{"line":113,"column":null}},"17":{"start":{"line":119,"column":2},"end":{"line":138,"column":null}},"18":{"start":{"line":121,"column":6},"end":{"line":134,"column":null}},"19":{"start":{"line":125,"column":12},"end":{"line":128,"column":null}},"20":{"start":{"line":130,"column":8},"end":{"line":130,"column":null}},"21":{"start":{"line":131,"column":8},"end":{"line":131,"column":null}},"22":{"start":{"line":133,"column":8},"end":{"line":133,"column":null}},"23":{"start":{"line":137,"column":4},"end":{"line":137,"column":null}},"24":{"start":{"line":144,"column":2},"end":{"line":150,"column":null}},"25":{"start":{"line":145,"column":2},"end":{"line":147,"column":null}},"26":{"start":{"line":146,"column":4},"end":{"line":146,"column":null}},"27":{"start":{"line":149,"column":2},"end":{"line":149,"column":null}},"28":{"start":{"line":156,"column":0},"end":{"line":175,"column":null}},"29":{"start":{"line":157,"column":2},"end":{"line":159,"column":null}},"30":{"start":{"line":158,"column":4},"end":{"line":158,"column":null}},"31":{"start":{"line":162,"column":4},"end":{"line":171,"column":null}},"32":{"start":{"line":164,"column":8},"end":{"line":166,"column":null}},"33":{"start":{"line":168,"column":6},"end":{"line":168,"column":null}},"34":{"start":{"line":170,"column":6},"end":{"line":170,"column":null}},"35":{"start":{"line":174,"column":2},"end":{"line":174,"column":null}},"36":{"start":{"line":182,"column":4},"end":{"line":189,"column":null}},"37":{"start":{"line":184,"column":8},"end":{"line":184,"column":29}},"38":{"start":{"line":186,"column":6},"end":{"line":186,"column":null}},"39":{"start":{"line":188,"column":6},"end":{"line":188,"column":null}},"40":{"start":{"line":199,"column":4},"end":{"line":199,"column":null}},"41":{"start":{"line":201,"column":4},"end":{"line":201,"column":null}},"42":{"start":{"line":202,"column":4},"end":{"line":202,"column":null}},"43":{"start":{"line":204,"column":4},"end":{"line":237,"column":null}},"44":{"start":{"line":205,"column":6},"end":{"line":221,"column":null}},"45":{"start":{"line":206,"column":8},"end":{"line":211,"column":null}},"46":{"start":{"line":213,"column":8},"end":{"line":215,"column":null}},"47":{"start":{"line":217,"column":8},"end":{"line":217,"column":null}},"48":{"start":{"line":218,"column":8},"end":{"line":218,"column":null}},"49":{"start":{"line":220,"column":8},"end":{"line":220,"column":null}},"50":{"start":{"line":223,"column":6},"end":{"line":226,"column":null}},"51":{"start":{"line":228,"column":6},"end":{"line":228,"column":null}},"52":{"start":{"line":230,"column":6},"end":{"line":232,"column":null}},"53":{"start":{"line":234,"column":6},"end":{"line":234,"column":null}},"54":{"start":{"line":236,"column":6},"end":{"line":236,"column":null}},"55":{"start":{"line":241,"column":4},"end":{"line":241,"column":null}},"56":{"start":{"line":243,"column":4},"end":{"line":243,"column":null}},"57":{"start":{"line":244,"column":4},"end":{"line":244,"column":null}},"58":{"start":{"line":245,"column":4},"end":{"line":245,"column":null}},"59":{"start":{"line":246,"column":4},"end":{"line":246,"column":null}},"60":{"start":{"line":248,"column":4},"end":{"line":250,"column":null}},"61":{"start":{"line":252,"column":4},"end":{"line":252,"column":null}},"62":{"start":{"line":257,"column":4},"end":{"line":257,"column":null}},"63":{"start":{"line":259,"column":2},"end":{"line":261,"column":null}},"64":{"start":{"line":263,"column":2},"end":{"line":263,"column":null}},"65":{"start":{"line":264,"column":2},"end":{"line":264,"column":null}},"66":{"start":{"line":265,"column":2},"end":{"line":265,"column":null}},"67":{"start":{"line":266,"column":2},"end":{"line":266,"column":null}},"68":{"start":{"line":277,"column":4},"end":{"line":280,"column":null}},"69":{"start":{"line":287,"column":6},"end":{"line":287,"column":null}},"70":{"start":{"line":290,"column":6},"end":{"line":290,"column":null}},"71":{"start":{"line":292,"column":4},"end":{"line":301,"column":null}},"72":{"start":{"line":296,"column":6},"end":{"line":298,"column":null}},"73":{"start":{"line":300,"column":6},"end":{"line":300,"column":null}},"74":{"start":{"line":303,"column":4},"end":{"line":319,"column":null}},"75":{"start":{"line":304,"column":6},"end":{"line":304,"column":null}},"76":{"start":{"line":305,"column":6},"end":{"line":305,"column":null}},"77":{"start":{"line":307,"column":6},"end":{"line":310,"column":null}},"78":{"start":{"line":312,"column":6},"end":{"line":312,"column":null}},"79":{"start":{"line":314,"column":6},"end":{"line":316,"column":null}},"80":{"start":{"line":318,"column":6},"end":{"line":318,"column":null}},"81":{"start":{"line":325,"column":4},"end":{"line":342,"column":null}},"82":{"start":{"line":326,"column":6},"end":{"line":326,"column":null}},"83":{"start":{"line":327,"column":6},"end":{"line":327,"column":null}},"84":{"start":{"line":329,"column":6},"end":{"line":331,"column":null}},"85":{"start":{"line":333,"column":6},"end":{"line":333,"column":null}},"86":{"start":{"line":335,"column":6},"end":{"line":335,"column":null}},"87":{"start":{"line":337,"column":6},"end":{"line":339,"column":null}},"88":{"start":{"line":341,"column":6},"end":{"line":341,"column":null}},"89":{"start":{"line":352,"column":4},"end":{"line":367,"column":null}},"90":{"start":{"line":357,"column":6},"end":{"line":361,"column":null}},"91":{"start":{"line":359,"column":18},"end":{"line":359,"column":null}},"92":{"start":{"line":363,"column":6},"end":{"line":366,"column":null}},"93":{"start":{"line":369,"column":4},"end":{"line":369,"column":null}},"94":{"start":{"line":377,"column":4},"end":{"line":385,"column":null}},"95":{"start":{"line":380,"column":6},"end":{"line":382,"column":null}},"96":{"start":{"line":384,"column":6},"end":{"line":384,"column":null}},"97":{"start":{"line":387,"column":4},"end":{"line":393,"column":null}},"98":{"start":{"line":388,"column":6},"end":{"line":390,"column":null}},"99":{"start":{"line":392,"column":6},"end":{"line":392,"column":null}},"100":{"start":{"line":395,"column":4},"end":{"line":410,"column":null}},"101":{"start":{"line":396,"column":6},"end":{"line":396,"column":null}},"102":{"start":{"line":397,"column":6},"end":{"line":397,"column":null}},"103":{"start":{"line":398,"column":6},"end":{"line":398,"column":null}},"104":{"start":{"line":401,"column":8},"end":{"line":403,"column":null}},"105":{"start":{"line":405,"column":6},"end":{"line":405,"column":null}},"106":{"start":{"line":407,"column":6},"end":{"line":407,"column":null}},"107":{"start":{"line":409,"column":6},"end":{"line":409,"column":null}},"108":{"start":{"line":417,"column":2},"end":{"line":988,"column":null}},"109":{"start":{"line":463,"column":24},"end":{"line":467,"column":null}},"110":{"start":{"line":485,"column":24},"end":{"line":489,"column":null}},"111":{"start":{"line":507,"column":20},"end":{"line":511,"column":null}},"112":{"start":{"line":529,"column":20},"end":{"line":533,"column":null}},"113":{"start":{"line":553,"column":14},"end":{"line":558,"column":null}},"114":{"start":{"line":560,"column":14},"end":{"line":560,"column":null}},"115":{"start":{"line":561,"column":14},"end":{"line":561,"column":null}},"116":{"start":{"line":603,"column":20},"end":{"line":657,"column":null}},"117":{"start":{"line":636,"column":30},"end":{"line":641,"column":null}},"118":{"start":{"line":649,"column":28},"end":{"line":651,"column":null}},"119":{"start":{"line":679,"column":20},"end":{"line":709,"column":null}},"120":{"start":{"line":702,"column":26},"end":{"line":704,"column":null}},"121":{"start":{"line":739,"column":20},"end":{"line":750,"column":null}},"122":{"start":{"line":771,"column":20},"end":{"line":818,"column":null}},"123":{"start":{"line":783,"column":28},"end":{"line":785,"column":null}},"124":{"start":{"line":884,"column":18},"end":{"line":981,"column":null}},"125":{"start":{"line":930,"column":26},"end":{"line":977,"column":null}}},"fnMap":{"0":{"name":"App","decl":{"start":{"line":37,"column":9},"end":{"line":37,"column":15}},"loc":{"start":{"line":37,"column":15},"end":{"line":990,"column":null}},"line":37},"1":{"name":"(anonymous_1)","decl":{"start":{"line":119,"column":2},"end":{"line":119,"column":18}},"loc":{"start":{"line":119,"column":18},"end":{"line":138,"column":5}},"line":119},"2":{"name":"loadInitialData","decl":{"start":{"line":120,"column":19},"end":{"line":120,"column":37}},"loc":{"start":{"line":120,"column":37},"end":{"line":135,"column":null}},"line":120},"3":{"name":"(anonymous_3)","decl":{"start":{"line":144,"column":2},"end":{"line":144,"column":18}},"loc":{"start":{"line":144,"column":18},"end":{"line":150,"column":3}},"line":144},"4":{"name":"(anonymous_4)","decl":{"start":{"line":156,"column":0},"end":{"line":156,"column":16}},"loc":{"start":{"line":156,"column":16},"end":{"line":175,"column":3}},"line":156},"5":{"name":"loadStores","decl":{"start":{"line":161,"column":17},"end":{"line":161,"column":30}},"loc":{"start":{"line":161,"column":30},"end":{"line":172,"column":null}},"line":161},"6":{"name":"refreshGroceryList","decl":{"start":{"line":181,"column":17},"end":{"line":181,"column":38}},"loc":{"start":{"line":181,"column":38},"end":{"line":190,"column":null}},"line":181},"7":{"name":"handleAuthSubmit","decl":{"start":{"line":196,"column":17},"end":{"line":196,"column":null}},"loc":{"start":{"line":198,"column":4},"end":{"line":238,"column":null}},"line":198},"8":{"name":"handleLogout","decl":{"start":{"line":240,"column":11},"end":{"line":240,"column":26}},"loc":{"start":{"line":240,"column":26},"end":{"line":253,"column":null}},"line":240},"9":{"name":"handleRetailerChange","decl":{"start":{"line":255,"column":11},"end":{"line":255,"column":32}},"loc":{"start":{"line":255,"column":39},"end":{"line":267,"column":null}},"line":255},"10":{"name":"handleQuantityChange","decl":{"start":{"line":273,"column":11},"end":{"line":273,"column":null}},"loc":{"start":{"line":276,"column":4},"end":{"line":281,"column":null}},"line":276},"11":{"name":"handleAddItem","decl":{"start":{"line":283,"column":17},"end":{"line":283,"column":null}},"loc":{"start":{"line":285,"column":4},"end":{"line":320,"column":null}},"line":285},"12":{"name":"handleRemoveItem","decl":{"start":{"line":322,"column":17},"end":{"line":322,"column":null}},"loc":{"start":{"line":324,"column":4},"end":{"line":343,"column":null}},"line":324},"13":{"name":"handleStoreToggle","decl":{"start":{"line":349,"column":11},"end":{"line":349,"column":null}},"loc":{"start":{"line":351,"column":4},"end":{"line":370,"column":null}},"line":351},"14":{"name":"(anonymous_14)","decl":{"start":{"line":358,"column":25},"end":{"line":358,"column":null}},"loc":{"start":{"line":359,"column":18},"end":{"line":359,"column":null}},"line":359},"15":{"name":"handleCompare","decl":{"start":{"line":376,"column":17},"end":{"line":376,"column":33}},"loc":{"start":{"line":376,"column":33},"end":{"line":411,"column":null}},"line":376},"16":{"name":"(anonymous_16)","decl":{"start":{"line":460,"column":22},"end":{"line":460,"column":null}},"loc":{"start":{"line":463,"column":24},"end":{"line":467,"column":null}},"line":463},"17":{"name":"(anonymous_17)","decl":{"start":{"line":482,"column":22},"end":{"line":482,"column":null}},"loc":{"start":{"line":485,"column":24},"end":{"line":489,"column":null}},"line":485},"18":{"name":"(anonymous_18)","decl":{"start":{"line":504,"column":18},"end":{"line":504,"column":null}},"loc":{"start":{"line":507,"column":20},"end":{"line":511,"column":null}},"line":507},"19":{"name":"(anonymous_19)","decl":{"start":{"line":526,"column":18},"end":{"line":526,"column":null}},"loc":{"start":{"line":529,"column":20},"end":{"line":533,"column":null}},"line":529},"20":{"name":"(anonymous_20)","decl":{"start":{"line":552,"column":12},"end":{"line":552,"column":27}},"loc":{"start":{"line":552,"column":27},"end":{"line":562,"column":null}},"line":552},"21":{"name":"(anonymous_21)","decl":{"start":{"line":601,"column":23},"end":{"line":601,"column":null}},"loc":{"start":{"line":603,"column":20},"end":{"line":657,"column":null}},"line":603},"22":{"name":"(anonymous_22)","decl":{"start":{"line":633,"column":28},"end":{"line":633,"column":null}},"loc":{"start":{"line":636,"column":30},"end":{"line":641,"column":null}},"line":636},"23":{"name":"(anonymous_23)","decl":{"start":{"line":648,"column":26},"end":{"line":648,"column":null}},"loc":{"start":{"line":649,"column":28},"end":{"line":651,"column":null}},"line":649},"24":{"name":"(anonymous_24)","decl":{"start":{"line":677,"column":29},"end":{"line":677,"column":null}},"loc":{"start":{"line":679,"column":20},"end":{"line":709,"column":null}},"line":679},"25":{"name":"(anonymous_25)","decl":{"start":{"line":701,"column":24},"end":{"line":701,"column":null}},"loc":{"start":{"line":702,"column":26},"end":{"line":704,"column":null}},"line":702},"26":{"name":"(anonymous_26)","decl":{"start":{"line":737,"column":27},"end":{"line":737,"column":null}},"loc":{"start":{"line":739,"column":20},"end":{"line":750,"column":null}},"line":739},"27":{"name":"(anonymous_27)","decl":{"start":{"line":769,"column":24},"end":{"line":769,"column":null}},"loc":{"start":{"line":771,"column":20},"end":{"line":818,"column":null}},"line":771},"28":{"name":"(anonymous_28)","decl":{"start":{"line":782,"column":26},"end":{"line":782,"column":null}},"loc":{"start":{"line":783,"column":28},"end":{"line":785,"column":null}},"line":783},"29":{"name":"(anonymous_29)","decl":{"start":{"line":882,"column":39},"end":{"line":882,"column":null}},"loc":{"start":{"line":884,"column":18},"end":{"line":981,"column":null}},"line":884},"30":{"name":"(anonymous_30)","decl":{"start":{"line":926,"column":35},"end":{"line":926,"column":null}},"loc":{"start":{"line":930,"column":26},"end":{"line":977,"column":null}},"line":930}},"branchMap":{"0":{"loc":{"start":{"line":145,"column":2},"end":{"line":147,"column":null}},"type":"if","locations":[{"start":{"line":145,"column":2},"end":{"line":147,"column":null}},{"start":{},"end":{}}],"line":145},"1":{"loc":{"start":{"line":157,"column":2},"end":{"line":159,"column":null}},"type":"if","locations":[{"start":{"line":157,"column":2},"end":{"line":159,"column":null}},{"start":{},"end":{}}],"line":157},"2":{"loc":{"start":{"line":205,"column":6},"end":{"line":221,"column":null}},"type":"if","locations":[{"start":{"line":205,"column":6},"end":{"line":221,"column":null}},{"start":{},"end":{}}],"line":205},"3":{"loc":{"start":{"line":287,"column":6},"end":{"line":287,"column":null}},"type":"binary-expr","locations":[{"start":{"line":287,"column":6},"end":{"line":287,"column":28}},{"start":{"line":287,"column":28},"end":{"line":287,"column":null}}],"line":287},"4":{"loc":{"start":{"line":292,"column":4},"end":{"line":301,"column":null}},"type":"if","locations":[{"start":{"line":292,"column":4},"end":{"line":301,"column":null}},{"start":{},"end":{}}],"line":292},"5":{"loc":{"start":{"line":293,"column":6},"end":{"line":294,"column":null}},"type":"binary-expr","locations":[{"start":{"line":293,"column":6},"end":{"line":293,"column":null}},{"start":{"line":294,"column":6},"end":{"line":294,"column":null}}],"line":293},"6":{"loc":{"start":{"line":352,"column":4},"end":{"line":367,"column":null}},"type":"if","locations":[{"start":{"line":352,"column":4},"end":{"line":367,"column":null}},{"start":{"line":362,"column":11},"end":{"line":367,"column":null}}],"line":352},"7":{"loc":{"start":{"line":377,"column":4},"end":{"line":385,"column":null}},"type":"if","locations":[{"start":{"line":377,"column":4},"end":{"line":385,"column":null}},{"start":{},"end":{}}],"line":377},"8":{"loc":{"start":{"line":387,"column":4},"end":{"line":393,"column":null}},"type":"if","locations":[{"start":{"line":387,"column":4},"end":{"line":393,"column":null}},{"start":{},"end":{}}],"line":387},"9":{"loc":{"start":{"line":426,"column":7},"end":{"line":429,"column":null}},"type":"binary-expr","locations":[{"start":{"line":426,"column":7},"end":{"line":426,"column":null}},{"start":{"line":427,"column":8},"end":{"line":429,"column":null}}],"line":426},"10":{"loc":{"start":{"line":432,"column":7},"end":{"line":433,"column":null}},"type":"binary-expr","locations":[{"start":{"line":432,"column":7},"end":{"line":432,"column":null}},{"start":{"line":433,"column":8},"end":{"line":433,"column":null}}],"line":432},"11":{"loc":{"start":{"line":436,"column":7},"end":{"line":986,"column":null}},"type":"cond-expr","locations":[{"start":{"line":437,"column":8},"end":{"line":571,"column":null}},{"start":{"line":571,"column":8},"end":{"line":986,"column":null}}],"line":436},"12":{"loc":{"start":{"line":439,"column":13},"end":{"line":441,"column":null}},"type":"cond-expr","locations":[{"start":{"line":440,"column":16},"end":{"line":440,"column":null}},{"start":{"line":441,"column":16},"end":{"line":441,"column":null}}],"line":439},"13":{"loc":{"start":{"line":449,"column":13},"end":{"line":495,"column":null}},"type":"binary-expr","locations":[{"start":{"line":449,"column":13},"end":{"line":450,"column":null}},{"start":{"line":451,"column":14},"end":{"line":495,"column":null}}],"line":449},"14":{"loc":{"start":{"line":543,"column":15},"end":{"line":546,"column":null}},"type":"cond-expr","locations":[{"start":{"line":545,"column":18},"end":{"line":545,"column":null}},{"start":{"line":546,"column":18},"end":{"line":546,"column":null}}],"line":543},"15":{"loc":{"start":{"line":554,"column":16},"end":{"line":557,"column":null}},"type":"cond-expr","locations":[{"start":{"line":556,"column":20},"end":{"line":556,"column":null}},{"start":{"line":557,"column":20},"end":{"line":557,"column":null}}],"line":554},"16":{"loc":{"start":{"line":564,"column":13},"end":{"line":567,"column":null}},"type":"cond-expr","locations":[{"start":{"line":566,"column":16},"end":{"line":566,"column":null}},{"start":{"line":567,"column":16},"end":{"line":567,"column":null}}],"line":564},"17":{"loc":{"start":{"line":594,"column":13},"end":{"line":662,"column":null}},"type":"cond-expr","locations":[{"start":{"line":596,"column":14},"end":{"line":600,"column":15}},{"start":{"line":600,"column":14},"end":{"line":662,"column":null}}],"line":594},"18":{"loc":{"start":{"line":614,"column":23},"end":{"line":615,"column":null}},"type":"binary-expr","locations":[{"start":{"line":614,"column":23},"end":{"line":614,"column":null}},{"start":{"line":615,"column":24},"end":{"line":615,"column":null}}],"line":614},"19":{"loc":{"start":{"line":617,"column":23},"end":{"line":618,"column":null}},"type":"binary-expr","locations":[{"start":{"line":617,"column":23},"end":{"line":617,"column":null}},{"start":{"line":618,"column":24},"end":{"line":618,"column":null}}],"line":617},"20":{"loc":{"start":{"line":627,"column":30},"end":{"line":631,"column":null}},"type":"binary-expr","locations":[{"start":{"line":627,"column":30},"end":{"line":629,"column":null}},{"start":{"line":631,"column":30},"end":{"line":631,"column":null}}],"line":627},"21":{"loc":{"start":{"line":669,"column":13},"end":{"line":714,"column":null}},"type":"cond-expr","locations":[{"start":{"line":671,"column":14},"end":{"line":676,"column":15}},{"start":{"line":676,"column":14},"end":{"line":714,"column":null}}],"line":669},"22":{"loc":{"start":{"line":690,"column":23},"end":{"line":691,"column":null}},"type":"binary-expr","locations":[{"start":{"line":690,"column":23},"end":{"line":690,"column":null}},{"start":{"line":691,"column":24},"end":{"line":691,"column":null}}],"line":690},"23":{"loc":{"start":{"line":756,"column":13},"end":{"line":763,"column":null}},"type":"binary-expr","locations":[{"start":{"line":756,"column":13},"end":{"line":756,"column":null}},{"start":{"line":757,"column":14},"end":{"line":758,"column":null}},{"start":{"line":759,"column":16},"end":{"line":763,"column":null}}],"line":756},"24":{"loc":{"start":{"line":766,"column":13},"end":{"line":821,"column":null}},"type":"binary-expr","locations":[{"start":{"line":766,"column":13},"end":{"line":767,"column":null}},{"start":{"line":768,"column":14},"end":{"line":821,"column":null}}],"line":766},"25":{"loc":{"start":{"line":791,"column":25},"end":{"line":792,"column":null}},"type":"binary-expr","locations":[{"start":{"line":791,"column":25},"end":{"line":791,"column":null}},{"start":{"line":792,"column":26},"end":{"line":792,"column":null}}],"line":791},"26":{"loc":{"start":{"line":834,"column":16},"end":{"line":836,"column":null}},"type":"binary-expr","locations":[{"start":{"line":834,"column":16},"end":{"line":834,"column":null}},{"start":{"line":835,"column":16},"end":{"line":836,"column":null}}],"line":834},"27":{"loc":{"start":{"line":842,"column":15},"end":{"line":844,"column":null}},"type":"cond-expr","locations":[{"start":{"line":843,"column":18},"end":{"line":843,"column":null}},{"start":{"line":844,"column":18},"end":{"line":844,"column":null}}],"line":842},"28":{"loc":{"start":{"line":848,"column":11},"end":{"line":984,"column":null}},"type":"binary-expr","locations":[{"start":{"line":848,"column":11},"end":{"line":848,"column":null}},{"start":{"line":849,"column":12},"end":{"line":984,"column":null}}],"line":848},"29":{"loc":{"start":{"line":868,"column":15},"end":{"line":879,"column":null}},"type":"binary-expr","locations":[{"start":{"line":868,"column":15},"end":{"line":871,"column":null}},{"start":{"line":872,"column":16},"end":{"line":879,"column":null}}],"line":868},"30":{"loc":{"start":{"line":890,"column":23},"end":{"line":892,"column":null}},"type":"cond-expr","locations":[{"start":{"line":891,"column":26},"end":{"line":891,"column":null}},{"start":{"line":892,"column":26},"end":{"line":892,"column":null}}],"line":890},"31":{"loc":{"start":{"line":911,"column":23},"end":{"line":913,"column":null}},"type":"cond-expr","locations":[{"start":{"line":912,"column":26},"end":{"line":912,"column":null}},{"start":{"line":913,"column":26},"end":{"line":913,"column":null}}],"line":911},"32":{"loc":{"start":{"line":916,"column":21},"end":{"line":922,"column":null}},"type":"binary-expr","locations":[{"start":{"line":916,"column":21},"end":{"line":916,"column":null}},{"start":{"line":917,"column":22},"end":{"line":922,"column":null}}],"line":916},"33":{"loc":{"start":{"line":948,"column":29},"end":{"line":975,"column":null}},"type":"cond-expr","locations":[{"start":{"line":949,"column":30},"end":{"line":971,"column":null}},{"start":{"line":971,"column":30},"end":{"line":975,"column":null}}],"line":948}},"s":{"0":106,"1":106,"2":106,"3":106,"4":106,"5":106,"6":106,"7":106,"8":106,"9":106,"10":106,"11":106,"12":106,"13":106,"14":106,"15":106,"16":106,"17":106,"18":9,"19":9,"20":9,"21":9,"22":0,"23":9,"24":106,"25":11,"26":3,"27":8,"28":106,"29":12,"30":9,"31":3,"32":3,"33":3,"34":0,"35":3,"36":10,"37":10,"38":10,"39":0,"40":2,"41":2,"42":2,"43":2,"44":2,"45":0,"46":0,"47":0,"48":0,"49":0,"50":2,"51":1,"52":1,"53":1,"54":1,"55":1,"56":1,"57":1,"58":1,"59":1,"60":1,"61":1,"62":3,"63":3,"64":3,"65":3,"66":3,"67":3,"68":4,"69":2,"70":2,"71":2,"72":1,"73":1,"74":1,"75":1,"76":1,"77":1,"78":1,"79":1,"80":0,"81":1,"82":1,"83":1,"84":1,"85":1,"86":1,"87":1,"88":0,"89":3,"90":0,"91":0,"92":3,"93":3,"94":2,"95":0,"96":0,"97":2,"98":0,"99":0,"100":2,"101":2,"102":2,"103":2,"104":2,"105":1,"106":1,"107":2,"108":106,"109":0,"110":0,"111":34,"112":26,"113":0,"114":0,"115":0,"116":31,"117":4,"118":2,"119":20,"120":1,"121":19,"122":20,"123":3,"124":2,"125":2},"f":{"0":106,"1":9,"2":9,"3":11,"4":12,"5":3,"6":10,"7":2,"8":1,"9":3,"10":4,"11":2,"12":1,"13":3,"14":0,"15":2,"16":0,"17":0,"18":34,"19":26,"20":0,"21":31,"22":4,"23":2,"24":20,"25":1,"26":19,"27":20,"28":3,"29":2,"30":2},"b":{"0":[3,8],"1":[9,3],"2":[0,2],"3":[2,0],"4":[1,1],"5":[2,2],"6":[0,3],"7":[0,2],"8":[0,2],"9":[106,3],"10":[106,5],"11":[68,38],"12":[68,0],"13":[68,0],"14":[68,0],"15":[0,0],"16":[68,0],"17":[7,31],"18":[31,31],"19":[31,31],"20":[31,24],"21":[18,20],"22":[20,20],"23":[38,13,3],"24":[38,10],"25":[20,0],"26":[38,36],"27":[2,36],"28":[38,1],"29":[1,0],"30":[1,1],"31":[1,1],"32":[2,1],"33":[1,1]},"meta":{"lastBranch":34,"lastFunction":31,"lastStatement":126,"seen":{"f:37:9:37:15":0,"s:43:4:43:Infinity":0,"s:46:4:46:Infinity":1,"s:49:4:49:Infinity":2,"s:52:4:52:Infinity":3,"s:57:6:57:Infinity":4,"s:64:4:64:Infinity":5,"s:67:4:67:Infinity":6,"s:70:4:70:Infinity":7,"s:73:4:73:Infinity":8,"s:76:4:76:Infinity":9,"s:79:4:79:Infinity":10,"s:86:4:86:Infinity":11,"s:95:6:95:Infinity":12,"s:100:6:100:Infinity":13,"s:107:4:107:Infinity":14,"s:110:4:110:Infinity":15,"s:113:4:113:Infinity":16,"s:119:2:138:Infinity":17,"f:119:2:119:18":1,"f:120:19:120:37":2,"s:121:6:134:Infinity":18,"s:125:12:128:Infinity":19,"s:130:8:130:Infinity":20,"s:131:8:131:Infinity":21,"s:133:8:133:Infinity":22,"s:137:4:137:Infinity":23,"s:144:2:150:Infinity":24,"f:144:2:144:18":3,"b:145:2:147:Infinity:undefined:undefined:undefined:undefined":0,"s:145:2:147:Infinity":25,"s:146:4:146:Infinity":26,"s:149:2:149:Infinity":27,"s:156:0:175:Infinity":28,"f:156:0:156:16":4,"b:157:2:159:Infinity:undefined:undefined:undefined:undefined":1,"s:157:2:159:Infinity":29,"s:158:4:158:Infinity":30,"f:161:17:161:30":5,"s:162:4:171:Infinity":31,"s:164:8:166:Infinity":32,"s:168:6:168:Infinity":33,"s:170:6:170:Infinity":34,"s:174:2:174:Infinity":35,"f:181:17:181:38":6,"s:182:4:189:Infinity":36,"s:184:8:184:29":37,"s:186:6:186:Infinity":38,"s:188:6:188:Infinity":39,"f:196:17:196:Infinity":7,"s:199:4:199:Infinity":40,"s:201:4:201:Infinity":41,"s:202:4:202:Infinity":42,"s:204:4:237:Infinity":43,"b:205:6:221:Infinity:undefined:undefined:undefined:undefined":2,"s:205:6:221:Infinity":44,"s:206:8:211:Infinity":45,"s:213:8:215:Infinity":46,"s:217:8:217:Infinity":47,"s:218:8:218:Infinity":48,"s:220:8:220:Infinity":49,"s:223:6:226:Infinity":50,"s:228:6:228:Infinity":51,"s:230:6:232:Infinity":52,"s:234:6:234:Infinity":53,"s:236:6:236:Infinity":54,"f:240:11:240:26":8,"s:241:4:241:Infinity":55,"s:243:4:243:Infinity":56,"s:244:4:244:Infinity":57,"s:245:4:245:Infinity":58,"s:246:4:246:Infinity":59,"s:248:4:250:Infinity":60,"s:252:4:252:Infinity":61,"f:255:11:255:32":9,"s:257:4:257:Infinity":62,"s:259:2:261:Infinity":63,"s:263:2:263:Infinity":64,"s:264:2:264:Infinity":65,"s:265:2:265:Infinity":66,"s:266:2:266:Infinity":67,"f:273:11:273:Infinity":10,"s:277:4:280:Infinity":68,"f:283:17:283:Infinity":11,"s:287:6:287:Infinity":69,"b:287:6:287:28:287:28:287:Infinity":3,"s:290:6:290:Infinity":70,"b:292:4:301:Infinity:undefined:undefined:undefined:undefined":4,"s:292:4:301:Infinity":71,"b:293:6:293:Infinity:294:6:294:Infinity":5,"s:296:6:298:Infinity":72,"s:300:6:300:Infinity":73,"s:303:4:319:Infinity":74,"s:304:6:304:Infinity":75,"s:305:6:305:Infinity":76,"s:307:6:310:Infinity":77,"s:312:6:312:Infinity":78,"s:314:6:316:Infinity":79,"s:318:6:318:Infinity":80,"f:322:17:322:Infinity":12,"s:325:4:342:Infinity":81,"s:326:6:326:Infinity":82,"s:327:6:327:Infinity":83,"s:329:6:331:Infinity":84,"s:333:6:333:Infinity":85,"s:335:6:335:Infinity":86,"s:337:6:339:Infinity":87,"s:341:6:341:Infinity":88,"f:349:11:349:Infinity":13,"b:352:4:367:Infinity:362:11:367:Infinity":6,"s:352:4:367:Infinity":89,"s:357:6:361:Infinity":90,"f:358:25:358:Infinity":14,"s:359:18:359:Infinity":91,"s:363:6:366:Infinity":92,"s:369:4:369:Infinity":93,"f:376:17:376:33":15,"b:377:4:385:Infinity:undefined:undefined:undefined:undefined":7,"s:377:4:385:Infinity":94,"s:380:6:382:Infinity":95,"s:384:6:384:Infinity":96,"b:387:4:393:Infinity:undefined:undefined:undefined:undefined":8,"s:387:4:393:Infinity":97,"s:388:6:390:Infinity":98,"s:392:6:392:Infinity":99,"s:395:4:410:Infinity":100,"s:396:6:396:Infinity":101,"s:397:6:397:Infinity":102,"s:398:6:398:Infinity":103,"s:401:8:403:Infinity":104,"s:405:6:405:Infinity":105,"s:407:6:407:Infinity":106,"s:409:6:409:Infinity":107,"s:417:2:988:Infinity":108,"b:426:7:426:Infinity:427:8:429:Infinity":9,"b:432:7:432:Infinity:433:8:433:Infinity":10,"b:437:8:571:Infinity:571:8:986:Infinity":11,"b:440:16:440:Infinity:441:16:441:Infinity":12,"b:449:13:450:Infinity:451:14:495:Infinity":13,"f:460:22:460:Infinity":16,"s:463:24:467:Infinity":109,"f:482:22:482:Infinity":17,"s:485:24:489:Infinity":110,"f:504:18:504:Infinity":18,"s:507:20:511:Infinity":111,"f:526:18:526:Infinity":19,"s:529:20:533:Infinity":112,"b:545:18:545:Infinity:546:18:546:Infinity":14,"f:552:12:552:27":20,"s:553:14:558:Infinity":113,"b:556:20:556:Infinity:557:20:557:Infinity":15,"s:560:14:560:Infinity":114,"s:561:14:561:Infinity":115,"b:566:16:566:Infinity:567:16:567:Infinity":16,"b:596:14:600:15:600:14:662:Infinity":17,"f:601:23:601:Infinity":21,"s:603:20:657:Infinity":116,"b:614:23:614:Infinity:615:24:615:Infinity":18,"b:617:23:617:Infinity:618:24:618:Infinity":19,"b:627:30:629:Infinity:631:30:631:Infinity":20,"f:633:28:633:Infinity":22,"s:636:30:641:Infinity":117,"f:648:26:648:Infinity":23,"s:649:28:651:Infinity":118,"b:671:14:676:15:676:14:714:Infinity":21,"f:677:29:677:Infinity":24,"s:679:20:709:Infinity":119,"b:690:23:690:Infinity:691:24:691:Infinity":22,"f:701:24:701:Infinity":25,"s:702:26:704:Infinity":120,"f:737:27:737:Infinity":26,"s:739:20:750:Infinity":121,"b:756:13:756:Infinity:757:14:758:Infinity:759:16:763:Infinity":23,"b:766:13:767:Infinity:768:14:821:Infinity":24,"f:769:24:769:Infinity":27,"s:771:20:818:Infinity":122,"f:782:26:782:Infinity":28,"s:783:28:785:Infinity":123,"b:791:25:791:Infinity:792:26:792:Infinity":25,"b:834:16:834:Infinity:835:16:836:Infinity":26,"b:843:18:843:Infinity:844:18:844:Infinity":27,"b:848:11:848:Infinity:849:12:984:Infinity":28,"b:868:15:871:Infinity:872:16:879:Infinity":29,"f:882:39:882:Infinity":29,"s:884:18:981:Infinity":124,"b:891:26:891:Infinity:892:26:892:Infinity":30,"b:912:26:912:Infinity:913:26:913:Infinity":31,"b:916:21:916:Infinity:917:22:922:Infinity":32,"f:926:35:926:Infinity":30,"s:930:26:977:Infinity":125,"b:949:30:971:Infinity:971:30:975:Infinity":33},"fnNames":{}}}
,"C:\\Users\\katel\\git\\CartCompare\\frontend\\src\\api\\apiClient.js": {"path":"C:\\Users\\katel\\git\\CartCompare\\frontend\\src\\api\\apiClient.js","statementMap":{"0":{"start":{"line":2,"column":2},"end":{"line":2,"column":null}},"1":{"start":{"line":4,"column":0},"end":{"line":8,"column":null}},"2":{"start":{"line":5,"column":2},"end":{"line":7,"column":null}},"3":{"start":{"line":15,"column":4},"end":{"line":17,"column":null}},"4":{"start":{"line":20,"column":4},"end":{"line":20,"column":null}},"5":{"start":{"line":22,"column":2},"end":{"line":27,"column":null}},"6":{"start":{"line":23,"column":4},"end":{"line":26,"column":null}},"7":{"start":{"line":29,"column":19},"end":{"line":35,"column":null}},"8":{"start":{"line":37,"column":2},"end":{"line":61,"column":null}},"9":{"start":{"line":39,"column":6},"end":{"line":39,"column":null}},"10":{"start":{"line":41,"column":4},"end":{"line":58,"column":null}},"11":{"start":{"line":43,"column":8},"end":{"line":43,"column":null}},"12":{"start":{"line":45,"column":6},"end":{"line":48,"column":null}},"13":{"start":{"line":46,"column":8},"end":{"line":47,"column":null}},"14":{"start":{"line":50,"column":6},"end":{"line":55,"column":null}},"15":{"start":{"line":53,"column":8},"end":{"line":54,"column":null}},"16":{"start":{"line":60,"column":4},"end":{"line":60,"column":null}},"17":{"start":{"line":63,"column":2},"end":{"line":65,"column":null}},"18":{"start":{"line":64,"column":4},"end":{"line":64,"column":null}},"19":{"start":{"line":67,"column":2},"end":{"line":67,"column":null}}},"fnMap":{"0":{"name":"apiRequest","decl":{"start":{"line":10,"column":22},"end":{"line":10,"column":null}},"loc":{"start":{"line":13,"column":2},"end":{"line":68,"column":null}},"line":13}},"branchMap":{"0":{"loc":{"start":{"line":4,"column":0},"end":{"line":8,"column":null}},"type":"if","locations":[{"start":{"line":4,"column":0},"end":{"line":8,"column":null}},{"start":{},"end":{}}],"line":4},"1":{"loc":{"start":{"line":12,"column":2},"end":{"line":12,"column":null}},"type":"default-arg","locations":[{"start":{"line":12,"column":12},"end":{"line":12,"column":null}}],"line":12},"2":{"loc":{"start":{"line":20,"column":16},"end":{"line":20,"column":37}},"type":"binary-expr","locations":[{"start":{"line":20,"column":16},"end":{"line":20,"column":35}},{"start":{"line":20,"column":35},"end":{"line":20,"column":37}}],"line":20},"3":{"loc":{"start":{"line":22,"column":2},"end":{"line":27,"column":null}},"type":"if","locations":[{"start":{"line":22,"column":2},"end":{"line":27,"column":null}},{"start":{},"end":{}}],"line":22},"4":{"loc":{"start":{"line":37,"column":2},"end":{"line":61,"column":null}},"type":"if","locations":[{"start":{"line":37,"column":2},"end":{"line":61,"column":null}},{"start":{},"end":{}}],"line":37},"5":{"loc":{"start":{"line":45,"column":6},"end":{"line":48,"column":null}},"type":"if","locations":[{"start":{"line":45,"column":6},"end":{"line":48,"column":null}},{"start":{},"end":{}}],"line":45},"6":{"loc":{"start":{"line":50,"column":6},"end":{"line":55,"column":null}},"type":"if","locations":[{"start":{"line":50,"column":6},"end":{"line":55,"column":null}},{"start":{},"end":{}}],"line":50},"7":{"loc":{"start":{"line":63,"column":2},"end":{"line":65,"column":null}},"type":"if","locations":[{"start":{"line":63,"column":2},"end":{"line":65,"column":null}},{"start":{},"end":{}}],"line":63}},"s":{"0":3,"1":3,"2":0,"3":37,"4":37,"5":37,"6":31,"7":37,"8":37,"9":2,"10":2,"11":2,"12":2,"13":2,"14":2,"15":0,"16":2,"17":35,"18":1,"19":34},"f":{"0":37},"b":{"0":[0,3],"1":[37],"2":[37,32],"3":[31,6],"4":[2,35],"5":[2,0],"6":[0,2],"7":[1,34]},"meta":{"lastBranch":8,"lastFunction":1,"lastStatement":20,"seen":{"s:2:2:2:Infinity":0,"b:4:0:8:Infinity:undefined:undefined:undefined:undefined":0,"s:4:0:8:Infinity":1,"s:5:2:7:Infinity":2,"f:10:22:10:Infinity":0,"b:12:12:12:Infinity":1,"s:15:4:17:Infinity":3,"s:20:4:20:Infinity":4,"b:20:16:20:35:20:35:20:37":2,"b:22:2:27:Infinity:undefined:undefined:undefined:undefined":3,"s:22:2:27:Infinity":5,"s:23:4:26:Infinity":6,"s:29:19:35:Infinity":7,"b:37:2:61:Infinity:undefined:undefined:undefined:undefined":4,"s:37:2:61:Infinity":8,"s:39:6:39:Infinity":9,"s:41:4:58:Infinity":10,"s:43:8:43:Infinity":11,"b:45:6:48:Infinity:undefined:undefined:undefined:undefined":5,"s:45:6:48:Infinity":12,"s:46:8:47:Infinity":13,"b:50:6:55:Infinity:undefined:undefined:undefined:undefined":6,"s:50:6:55:Infinity":14,"s:53:8:54:Infinity":15,"s:60:4:60:Infinity":16,"b:63:2:65:Infinity:undefined:undefined:undefined:undefined":7,"s:63:2:65:Infinity":17,"s:64:4:64:Infinity":18,"s:67:2:67:Infinity":19},"fnNames":{}}}
,"C:\\Users\\katel\\git\\CartCompare\\frontend\\src\\api\\auth.js": {"path":"C:\\Users\\katel\\git\\CartCompare\\frontend\\src\\api\\auth.js","statementMap":{"0":{"start":{"line":3,"column":18},"end":{"line":3,"column":null}},"1":{"start":{"line":6,"column":15},"end":{"line":15,"column":null}},"2":{"start":{"line":18,"column":4},"end":{"line":19,"column":null}},"3":{"start":{"line":21,"column":2},"end":{"line":25,"column":null}},"4":{"start":{"line":22,"column":4},"end":{"line":24,"column":null}},"5":{"start":{"line":27,"column":2},"end":{"line":30,"column":null}},"6":{"start":{"line":32,"column":2},"end":{"line":32,"column":null}},"7":{"start":{"line":41,"column":2},"end":{"line":52,"column":null}},"8":{"start":{"line":56,"column":2},"end":{"line":58,"column":null}},"9":{"start":{"line":62,"column":2},"end":{"line":64,"column":null}},"10":{"start":{"line":68,"column":2},"end":{"line":68,"column":null}}},"fnMap":{"0":{"name":"login","decl":{"start":{"line":5,"column":22},"end":{"line":5,"column":28}},"loc":{"start":{"line":5,"column":45},"end":{"line":33,"column":null}},"line":5},"1":{"name":"register","decl":{"start":{"line":35,"column":22},"end":{"line":35,"column":null}},"loc":{"start":{"line":40,"column":2},"end":{"line":53,"column":null}},"line":40},"2":{"name":"logout","decl":{"start":{"line":55,"column":16},"end":{"line":55,"column":25}},"loc":{"start":{"line":55,"column":25},"end":{"line":59,"column":null}},"line":55},"3":{"name":"getToken","decl":{"start":{"line":61,"column":16},"end":{"line":61,"column":27}},"loc":{"start":{"line":61,"column":27},"end":{"line":65,"column":null}},"line":61},"4":{"name":"isLoggedIn","decl":{"start":{"line":67,"column":16},"end":{"line":67,"column":29}},"loc":{"start":{"line":67,"column":29},"end":{"line":69,"column":null}},"line":67}},"branchMap":{"0":{"loc":{"start":{"line":18,"column":4},"end":{"line":19,"column":null}},"type":"binary-expr","locations":[{"start":{"line":18,"column":4},"end":{"line":18,"column":null}},{"start":{"line":19,"column":4},"end":{"line":19,"column":null}}],"line":18},"1":{"loc":{"start":{"line":21,"column":2},"end":{"line":25,"column":null}},"type":"if","locations":[{"start":{"line":21,"column":2},"end":{"line":25,"column":null}},{"start":{},"end":{}}],"line":21}},"s":{"0":3,"1":2,"2":1,"3":2,"4":0,"5":1,"6":1,"7":0,"8":1,"9":106,"10":106},"f":{"0":2,"1":0,"2":1,"3":106,"4":106},"b":{"0":[1,0],"1":[0,2]},"meta":{"lastBranch":2,"lastFunction":5,"lastStatement":11,"seen":{"s:3:18:3:Infinity":0,"f:5:22:5:28":0,"s:6:15:15:Infinity":1,"s:18:4:19:Infinity":2,"b:18:4:18:Infinity:19:4:19:Infinity":0,"b:21:2:25:Infinity:undefined:undefined:undefined:undefined":1,"s:21:2:25:Infinity":3,"s:22:4:24:Infinity":4,"s:27:2:30:Infinity":5,"s:32:2:32:Infinity":6,"f:35:22:35:Infinity":1,"s:41:2:52:Infinity":7,"f:55:16:55:25":2,"s:56:2:58:Infinity":8,"f:61:16:61:27":3,"s:62:2:64:Infinity":9,"f:67:16:67:29":4,"s:68:2:68:Infinity":10},"fnNames":{}}}
,"C:\\Users\\katel\\git\\CartCompare\\frontend\\src\\api\\comparisons.js": {"path":"C:\\Users\\katel\\git\\CartCompare\\frontend\\src\\api\\comparisons.js","statementMap":{"0":{"start":{"line":6,"column":2},"end":{"line":18,"column":null}}},"fnMap":{"0":{"name":"compareStores","decl":{"start":{"line":3,"column":16},"end":{"line":3,"column":null}},"loc":{"start":{"line":5,"column":2},"end":{"line":19,"column":null}},"line":5}},"branchMap":{},"s":{"0":2},"f":{"0":2},"b":{},"meta":{"lastBranch":0,"lastFunction":1,"lastStatement":1,"seen":{"f:3:16:3:Infinity":0,"s:6:2:18:Infinity":0},"fnNames":{}}}
,"C:\\Users\\katel\\git\\CartCompare\\frontend\\src\\api\\groceryList.js": {"path":"C:\\Users\\katel\\git\\CartCompare\\frontend\\src\\api\\groceryList.js","statementMap":{"0":{"start":{"line":4,"column":2},"end":{"line":6,"column":null}},"1":{"start":{"line":13,"column":2},"end":{"line":24,"column":null}},"2":{"start":{"line":30,"column":2},"end":{"line":35,"column":null}}},"fnMap":{"0":{"name":"getGroceryList","decl":{"start":{"line":3,"column":16},"end":{"line":3,"column":33}},"loc":{"start":{"line":3,"column":33},"end":{"line":7,"column":null}},"line":3},"1":{"name":"setGroceryListQuantity","decl":{"start":{"line":9,"column":16},"end":{"line":9,"column":null}},"loc":{"start":{"line":12,"column":2},"end":{"line":25,"column":null}},"line":12},"2":{"name":"removeGroceryListItem","decl":{"start":{"line":27,"column":16},"end":{"line":27,"column":null}},"loc":{"start":{"line":29,"column":2},"end":{"line":36,"column":null}},"line":29}},"branchMap":{},"s":{"0":10,"1":1,"2":1},"f":{"0":10,"1":1,"2":1},"b":{},"meta":{"lastBranch":0,"lastFunction":3,"lastStatement":3,"seen":{"f:3:16:3:33":0,"s:4:2:6:Infinity":0,"f:9:16:9:Infinity":1,"s:13:2:24:Infinity":1,"f:27:16:27:Infinity":2,"s:30:2:35:Infinity":2},"fnNames":{}}}
,"C:\\Users\\katel\\git\\CartCompare\\frontend\\src\\api\\items.js": {"path":"C:\\Users\\katel\\git\\CartCompare\\frontend\\src\\api\\items.js","statementMap":{"0":{"start":{"line":4,"column":2},"end":{"line":4,"column":null}}},"fnMap":{"0":{"name":"getItems","decl":{"start":{"line":3,"column":16},"end":{"line":3,"column":27}},"loc":{"start":{"line":3,"column":27},"end":{"line":5,"column":null}},"line":3}},"branchMap":{},"s":{"0":9},"f":{"0":9},"b":{},"meta":{"lastBranch":0,"lastFunction":1,"lastStatement":1,"seen":{"f:3:16:3:27":0,"s:4:2:4:Infinity":0},"fnNames":{}}}
,"C:\\Users\\katel\\git\\CartCompare\\frontend\\src\\api\\retailers.js": {"path":"C:\\Users\\katel\\git\\CartCompare\\frontend\\src\\api\\retailers.js","statementMap":{"0":{"start":{"line":4,"column":2},"end":{"line":4,"column":null}}},"fnMap":{"0":{"name":"getRetailers","decl":{"start":{"line":3,"column":16},"end":{"line":3,"column":31}},"loc":{"start":{"line":3,"column":31},"end":{"line":5,"column":null}},"line":3}},"branchMap":{},"s":{"0":9},"f":{"0":9},"b":{},"meta":{"lastBranch":0,"lastFunction":1,"lastStatement":1,"seen":{"f:3:16:3:31":0,"s:4:2:4:Infinity":0},"fnNames":{}}}
,"C:\\Users\\katel\\git\\CartCompare\\frontend\\src\\api\\stores.js": {"path":"C:\\Users\\katel\\git\\CartCompare\\frontend\\src\\api\\stores.js","statementMap":{"0":{"start":{"line":6,"column":2},"end":{"line":8,"column":null}}},"fnMap":{"0":{"name":"getStoresByRetailer","decl":{"start":{"line":3,"column":16},"end":{"line":3,"column":null}},"loc":{"start":{"line":5,"column":2},"end":{"line":9,"column":null}},"line":5}},"branchMap":{},"s":{"0":3},"f":{"0":3},"b":{},"meta":{"lastBranch":0,"lastFunction":1,"lastStatement":1,"seen":{"f:3:16:3:Infinity":0,"s:6:2:8:Infinity":0},"fnNames":{}}}
,"C:\\Users\\katel\\git\\CartCompare\\frontend\\src\\test\\server.js": {"path":"C:\\Users\\katel\\git\\CartCompare\\frontend\\src\\test\\server.js","statementMap":{"0":{"start":{"line":4,"column":2},"end":{"line":4,"column":14}}},"fnMap":{},"branchMap":{},"s":{"0":4},"f":{},"b":{},"meta":{"lastBranch":0,"lastFunction":0,"lastStatement":1,"seen":{"s:4:2:4:14":0},"fnNames":{}}}
}
